{"C:\\Project\\SOFTWARE ENGINEER\\test002\\src\\utils\\quickSort.ts": {"path":"C:\\Project\\SOFTWARE ENGINEER\\test002\\src\\utils\\quickSort.ts","statementMap":{"0":{"start":{"line":10,"column":8},"end":{"line":10,"column":null}},"1":{"start":{"line":14,"column":32},"end":{"line":14,"column":69}},"2":{"start":{"line":15,"column":22},"end":{"line":15,"column":55}},"3":{"start":{"line":16,"column":46},"end":{"line":16,"column":48}},"4":{"start":{"line":17,"column":47},"end":{"line":17,"column":49}},"5":{"start":{"line":19,"column":8},"end":{"line":28,"column":null}},"6":{"start":{"line":20,"column":12},"end":{"line":27,"column":null}},"7":{"start":{"line":21,"column":16},"end":{"line":26,"column":null}},"8":{"start":{"line":22,"column":20},"end":{"line":22,"column":null}},"9":{"start":{"line":25,"column":20},"end":{"line":25,"column":null}},"10":{"start":{"line":29,"column":8},"end":{"line":29,"column":null}},"11":{"start":{"line":33,"column":8},"end":{"line":33,"column":null}},"12":{"start":{"line":36,"column":29},"end":{"line":36,"column":51}},"13":{"start":{"line":38,"column":4},"end":{"line":40,"column":null}},"14":{"start":{"line":39,"column":8},"end":{"line":39,"column":18}},"15":{"start":{"line":41,"column":4},"end":{"line":52,"column":null}},"16":{"start":{"line":42,"column":8},"end":{"line":42,"column":null}},"17":{"start":{"line":46,"column":28},"end":{"line":46,"column":55}},"18":{"start":{"line":47,"column":26},"end":{"line":47,"column":51}},"19":{"start":{"line":48,"column":22},"end":{"line":48,"column":36}},"20":{"start":{"line":49,"column":27},"end":{"line":49,"column":52}},"21":{"start":{"line":50,"column":23},"end":{"line":50,"column":58}},"22":{"start":{"line":51,"column":8},"end":{"line":51,"column":null}},"23":{"start":{"line":51,"column":34},"end":{"line":51,"column":61}},"24":{"start":{"line":8,"column":0},"end":{"line":8,"column":16}}},"fnMap":{"0":{"name":"quickSort","decl":{"start":{"line":8,"column":16},"end":{"line":8,"column":25}},"loc":{"start":{"line":8,"column":48},"end":{"line":53,"column":1}}},"1":{"name":"findPivotArrayIndex","decl":{"start":{"line":9,"column":13},"end":{"line":9,"column":32}},"loc":{"start":{"line":9,"column":64},"end":{"line":11,"column":5}}},"2":{"name":"partition","decl":{"start":{"line":13,"column":13},"end":{"line":13,"column":22}},"loc":{"start":{"line":13,"column":54},"end":{"line":30,"column":5}}},"3":{"name":"(anonymous_3)","decl":{"start":{"line":19,"column":33},"end":{"line":19,"column":34}},"loc":{"start":{"line":19,"column":49},"end":{"line":28,"column":9}}},"4":{"name":"numericStringtoNumber","decl":{"start":{"line":32,"column":13},"end":{"line":32,"column":34}},"loc":{"start":{"line":32,"column":58},"end":{"line":34,"column":5}}},"5":{"name":"(anonymous_5)","decl":{"start":{"line":51,"column":26},"end":{"line":51,"column":30}},"loc":{"start":{"line":51,"column":34},"end":{"line":51,"column":61}}}},"branchMap":{"0":{"loc":{"start":{"line":20,"column":12},"end":{"line":27,"column":null}},"type":"if","locations":[{"start":{"line":20,"column":12},"end":{"line":27,"column":null}}]},"1":{"loc":{"start":{"line":21,"column":16},"end":{"line":26,"column":null}},"type":"if","locations":[{"start":{"line":21,"column":16},"end":{"line":26,"column":null}},{"start":{"line":24,"column":21},"end":{"line":26,"column":null}}]},"2":{"loc":{"start":{"line":33,"column":15},"end":{"line":33,"column":55}},"type":"cond-expr","locations":[{"start":{"line":33,"column":32},"end":{"line":33,"column":46}},{"start":{"line":33,"column":49},"end":{"line":33,"column":55}}]},"3":{"loc":{"start":{"line":38,"column":4},"end":{"line":40,"column":null}},"type":"if","locations":[{"start":{"line":38,"column":4},"end":{"line":40,"column":null}}]},"4":{"loc":{"start":{"line":41,"column":4},"end":{"line":52,"column":null}},"type":"if","locations":[{"start":{"line":41,"column":4},"end":{"line":52,"column":null}},{"start":{"line":45,"column":9},"end":{"line":52,"column":null}}]}},"s":{"0":6,"1":6,"2":6,"3":6,"4":6,"5":6,"6":23,"7":17,"8":7,"9":10,"10":6,"11":26,"12":13,"13":13,"14":4,"15":9,"16":3,"17":6,"18":6,"19":6,"20":6,"21":6,"22":6,"23":23,"24":1},"f":{"0":13,"1":6,"2":6,"3":23,"4":26,"5":23},"b":{"0":[17],"1":[7,10],"2":[17,9],"3":[4],"4":[3,6]}}
}
