TN:
SF:src\utils\quickSort.ts
FN:8,quickSort
FN:9,findPivotArrayIndex
FN:13,partition
FN:19,(anonymous_3)
FN:32,numericStringtoNumber
FN:51,(anonymous_5)
FNF:6
FNH:6
FNDA:13,quickSort
FNDA:6,findPivotArrayIndex
FNDA:6,partition
FNDA:23,(anonymous_3)
FNDA:26,numericStringtoNumber
FNDA:23,(anonymous_5)
DA:8,1
DA:10,6
DA:14,6
DA:15,6
DA:16,6
DA:17,6
DA:19,6
DA:20,23
DA:21,17
DA:22,7
DA:25,10
DA:29,6
DA:33,26
DA:36,13
DA:38,13
DA:39,4
DA:41,9
DA:42,3
DA:46,6
DA:47,6
DA:48,6
DA:49,6
DA:50,6
DA:51,23
LF:24
LH:24
BRDA:20,0,0,17
BRDA:21,1,0,7
BRDA:21,1,1,10
BRDA:33,2,0,17
BRDA:33,2,1,9
BRDA:38,3,0,4
BRDA:41,4,0,3
BRDA:41,4,1,6
BRF:8
BRH:8
end_of_record
